# JRE version: Java(TM) SE Runtime Environment (8.0_92-b14) (build 1.8.0_92-b14)
# Java VM: Java HotSpot(TM) Client VM (25.92-b14 mixed mode windows-x86 )
Heap:
 def new generation   total 39424K, used 26506K [0x04c00000, 0x076c0000, 0x0f6a0000)
  eden space 35072K,  75% used [0x04c00000, 0x065b8ea0, 0x06e40000)
  from space 4352K,   3% used [0x07280000, 0x072a99b0, 0x076c0000)
  to   space 4352K,   0% used [0x06e40000, 0x06e40000, 0x07280000)
 tenured generation   total 87424K, used 36620K [0x0f6a0000, 0x14c00000, 0x24c00000)
   the space 87424K,  41% used [0x0f6a0000, 0x11a633b0, 0x11a63400, 0x14c00000)
 Metaspace       used 16748K, capacity 17318K, committed 17408K, reserved 17792K
GC Heap History (10 events):
Event: 1220.191 GC heap before
{Heap before GC invocations=117 (full 1):
 def new generation   total 39424K, used 35098K [0x04c00000, 0x076c0000, 0x0f6a0000)
  eden space 35072K, 100% used [0x04c00000, 0x06e40000, 0x06e40000)
  from space 4352K,   0% used [0x06e40000, 0x06e46830, 0x07280000)
  to   space 4352K,   0% used [0x07280000, 0x07280000, 0x076c0000)
 tenured generation   total 87424K, used 36612K [0x0f6a0000, 0x14c00000, 0x24c00000)
   the space 87424K,  41% used [0x0f6a0000, 0x11a61210, 0x11a61400, 0x14c00000)
 Metaspace       used 16739K, capacity 17318K, committed 17408K, reserved 17792K
Event: 1220.192 GC heap after
Heap after GC invocations=118 (full 1):
 def new generation   total 39424K, used 20K [0x04c00000, 0x076c0000, 0x0f6a0000)
  eden space 35072K,   0% used [0x04c00000, 0x04c00000, 0x06e40000)
  from space 4352K,   0% used [0x07280000, 0x072851d0, 0x076c0000)
  to   space 4352K,   0% used [0x06e40000, 0x06e40000, 0x07280000)
 tenured generation   total 87424K, used 36616K [0x0f6a0000, 0x14c00000, 0x24c00000)
   the space 87424K,  41% used [0x0f6a0000, 0x11a62350, 0x11a62400, 0x14c00000)
 Metaspace       used 16739K, capacity 17318K, committed 17408K, reserved 17792K
}
Event: 1221.982 GC heap before
{Heap before GC invocations=118 (full 1):
 def new generation   total 39424K, used 35092K [0x04c00000, 0x076c0000, 0x0f6a0000)
  eden space 35072K, 100% used [0x04c00000, 0x06e40000, 0x06e40000)
  from space 4352K,   0% used [0x07280000, 0x072851d0, 0x076c0000)
  to   space 4352K,   0% used [0x06e40000, 0x06e40000, 0x07280000)
 tenured generation   total 87424K, used 36616K [0x0f6a0000, 0x14c00000, 0x24c00000)
   the space 87424K,  41% used [0x0f6a0000, 0x11a62350, 0x11a62400, 0x14c00000)
 Metaspace       used 16739K, capacity 17318K, committed 17408K, reserved 17792K
Event: 1221.983 GC heap after
Heap after GC invocations=119 (full 1):
 def new generation   total 39424K, used 20K [0x04c00000, 0x076c0000, 0x0f6a0000)
  eden space 35072K,   0% used [0x04c00000, 0x04c00000, 0x06e40000)
  from space 4352K,   0% used [0x06e40000, 0x06e450a8, 0x07280000)
  to   space 4352K,   0% used [0x07280000, 0x07280000, 0x076c0000)
 tenured generation   total 87424K, used 36618K [0x0f6a0000, 0x14c00000, 0x24c00000)
   the space 87424K,  41% used [0x0f6a0000, 0x11a62928, 0x11a62a00, 0x14c00000)
 Metaspace       used 16739K, capacity 17318K, committed 17408K, reserved 17792K
}
Event: 1223.790 GC heap before
{Heap before GC invocations=119 (full 1):
 def new generation   total 39424K, used 35092K [0x04c00000, 0x076c0000, 0x0f6a0000)
  eden space 35072K, 100% used [0x04c00000, 0x06e40000, 0x06e40000)
  from space 4352K,   0% used [0x06e40000, 0x06e450a8, 0x07280000)
  to   space 4352K,   0% used [0x07280000, 0x07280000, 0x076c0000)
 tenured generation   total 87424K, used 36618K [0x0f6a0000, 0x14c00000, 0x24c00000)
   the space 87424K,  41% used [0x0f6a0000, 0x11a62928, 0x11a62a00, 0x14c00000)
 Metaspace       used 16739K, capacity 17318K, committed 17408K, reserved 17792K
Event: 1223.790 GC heap after
Heap after GC invocations=120 (full 1):
 def new generation   total 39424K, used 19K [0x04c00000, 0x076c0000, 0x0f6a0000)
  eden space 35072K,   0% used [0x04c00000, 0x04c00000, 0x06e40000)
  from space 4352K,   0% used [0x07280000, 0x07284c00, 0x076c0000)
  to   space 4352K,   0% used [0x06e40000, 0x06e40000, 0x07280000)
 tenured generation   total 87424K, used 36619K [0x0f6a0000, 0x14c00000, 0x24c00000)
   the space 87424K,  41% used [0x0f6a0000, 0x11a62de0, 0x11a62e00, 0x14c00000)
 Metaspace       used 16739K, capacity 17318K, committed 17408K, reserved 17792K
}
Event: 1225.595 GC heap before
{Heap before GC invocations=120 (full 1):
 def new generation   total 39424K, used 35091K [0x04c00000, 0x076c0000, 0x0f6a0000)
  eden space 35072K, 100% used [0x04c00000, 0x06e40000, 0x06e40000)
  from space 4352K,   0% used [0x07280000, 0x07284c00, 0x076c0000)
  to   space 4352K,   0% used [0x06e40000, 0x06e40000, 0x07280000)
 tenured generation   total 87424K, used 36619K [0x0f6a0000, 0x14c00000, 0x24c00000)
   the space 87424K,  41% used [0x0f6a0000, 0x11a62de0, 0x11a62e00, 0x14c00000)
 Metaspace       used 16739K, capacity 17318K, committed 17408K, reserved 17792K
Event: 1225.596 GC heap after
Heap after GC invocations=121 (full 1):
 def new generation   total 39424K, used 19K [0x04c00000, 0x076c0000, 0x0f6a0000)
  eden space 35072K,   0% used [0x04c00000, 0x04c00000, 0x06e40000)
  from space 4352K,   0% used [0x06e40000, 0x06e44d40, 0x07280000)
  to   space 4352K,   0% used [0x07280000, 0x07280000, 0x076c0000)
 tenured generation   total 87424K, used 36619K [0x0f6a0000, 0x14c00000, 0x24c00000)
   the space 87424K,  41% used [0x0f6a0000, 0x11a62f10, 0x11a63000, 0x14c00000)
 Metaspace       used 16739K, capacity 17318K, committed 17408K, reserved 17792K
}
Event: 1227.255 GC heap before
{Heap before GC invocations=121 (full 1):
 def new generation   total 39424K, used 35091K [0x04c00000, 0x076c0000, 0x0f6a0000)
  eden space 35072K, 100% used [0x04c00000, 0x06e40000, 0x06e40000)
  from space 4352K,   0% used [0x06e40000, 0x06e44d40, 0x07280000)
  to   space 4352K,   0% used [0x07280000, 0x07280000, 0x076c0000)
 tenured generation   total 87424K, used 36619K [0x0f6a0000, 0x14c00000, 0x24c00000)
   the space 87424K,  41% used [0x0f6a0000, 0x11a62f10, 0x11a63000, 0x14c00000)
 Metaspace       used 16741K, capacity 17318K, committed 17408K, reserved 17792K
Event: 1227.256 GC heap after
Heap after GC invocations=122 (full 1):
 def new generation   total 39424K, used 166K [0x04c00000, 0x076c0000, 0x0f6a0000)
  eden space 35072K,   0% used [0x04c00000, 0x04c00000, 0x06e40000)
  from space 4352K,   3% used [0x07280000, 0x072a99b0, 0x076c0000)
  to   space 4352K,   0% used [0x06e40000, 0x06e40000, 0x07280000)
 tenured generation   total 87424K, used 36620K [0x0f6a0000, 0x14c00000, 0x24c00000)
   the space 87424K,  41% used [0x0f6a0000, 0x11a633b0, 0x11a63400, 0x14c00000)
 Metaspace       used 16741K, capacity 17318K, committed 17408K, reserved 17792K
}

